   1              		.file	"TimeConstraint.cpp"
   2              		.section	.text.unlikely._ZN8UnitTest15MemoryOutStreamD1Ev,"axG",@progbits,_ZN8UnitTest15MemoryOutS
   3              		.align 2
   4              	.LCOLDB0:
   5              		.section	.text._ZN8UnitTest15MemoryOutStreamD1Ev,"axG",@progbits,_ZN8UnitTest15MemoryOutStreamD1Ev
   6              	.LHOTB0:
   7              		.align 2
   8              		.p2align 4,,15
   9              		.weak	_ZN8UnitTest15MemoryOutStreamD1Ev
  11              	_ZN8UnitTest15MemoryOutStreamD1Ev:
  12              	.LFB1163:
  13              		.cfi_startproc
  14 0000 55       		pushq	%rbp
  15              		.cfi_def_cfa_offset 16
  16              		.cfi_offset 6, -16
  17 0001 53       		pushq	%rbx
  18              		.cfi_def_cfa_offset 24
  19              		.cfi_offset 3, -24
  20 0002 4889FB   		movq	%rdi, %rbx
  21 0005 4883EC18 		subq	$24, %rsp
  22              		.cfi_def_cfa_offset 48
  23 0009 488B2D00 		movq	_ZNSs4_Rep20_S_empty_rep_storageE@GOTPCREL(%rip), %rbp
  23      000000
  24 0010 64488B04 		movq	%fs:40, %rax
  24      25280000 
  24      00
  25 0019 48894424 		movq	%rax, 8(%rsp)
  25      08
  26 001e 31C0     		xorl	%eax, %eax
  27 0020 488B0500 		movq	_ZTVN8UnitTest15MemoryOutStreamE@GOTPCREL(%rip), %rax
  27      000000
  28 0027 488D5018 		leaq	24(%rax), %rdx
  29 002b 4883C040 		addq	$64, %rax
  30 002f 48894760 		movq	%rax, 96(%rdi)
  31 0033 488B4758 		movq	88(%rdi), %rax
  32 0037 488917   		movq	%rdx, (%rdi)
  33 003a 488D78E8 		leaq	-24(%rax), %rdi
  34 003e 4839EF   		cmpq	%rbp, %rdi
  35 0041 757D     		jne	.L15
  36              	.L3:
  37 0043 488D0500 		leaq	24+_ZTCN8UnitTest15MemoryOutStreamE0_St19basic_ostringstreamIcSt11char_traitsIcESaIcEE(%rip),
  37      000000
  38 004a 488903   		movq	%rax, (%rbx)
  39 004d 488D0500 		leaq	64+_ZTCN8UnitTest15MemoryOutStreamE0_St19basic_ostringstreamIcSt11char_traitsIcESaIcEE(%rip),
  39      000000
  40 0054 48894360 		movq	%rax, 96(%rbx)
  41 0058 488B0500 		movq	_ZTVSt15basic_stringbufIcSt11char_traitsIcESaIcEE@GOTPCREL(%rip), %rax
  41      000000
  42 005f 4883C010 		addq	$16, %rax
  43 0063 48894308 		movq	%rax, 8(%rbx)
  44 0067 488B4350 		movq	80(%rbx), %rax
  45 006b 488D78E8 		leaq	-24(%rax), %rdi
  46 006f 4839EF   		cmpq	%rbp, %rdi
  47 0072 757C     		jne	.L16
  48              	.L8:
  49 0074 488B0500 		movq	_ZTVSt15basic_streambufIcSt11char_traitsIcEE@GOTPCREL(%rip), %rax
  49      000000
  50 007b 488D7B40 		leaq	64(%rbx), %rdi
  51 007f 4883C010 		addq	$16, %rax
  52 0083 48894308 		movq	%rax, 8(%rbx)
  53 0087 E8000000 		call	_ZNSt6localeD1Ev@PLT
  53      00
  54 008c 488B0500 		movq	_ZTVSt9basic_iosIcSt11char_traitsIcEE@GOTPCREL(%rip), %rax
  54      000000
  55 0093 488D7B60 		leaq	96(%rbx), %rdi
  56 0097 4883C010 		addq	$16, %rax
  57 009b 48894360 		movq	%rax, 96(%rbx)
  58 009f E8000000 		call	_ZNSt8ios_baseD2Ev@PLT
  58      00
  59 00a4 488B4424 		movq	8(%rsp), %rax
  59      08
  60 00a9 64483304 		xorq	%fs:40, %rax
  60      25280000 
  60      00
  61 00b2 0F858500 		jne	.L17
  61      0000
  62 00b8 4883C418 		addq	$24, %rsp
  63              		.cfi_remember_state
  64              		.cfi_def_cfa_offset 24
  65 00bc 5B       		popq	%rbx
  66              		.cfi_def_cfa_offset 16
  67 00bd 5D       		popq	%rbp
  68              		.cfi_def_cfa_offset 8
  69 00be C3       		ret
  70 00bf 90       		.p2align 4,,10
  71              		.p2align 3
  72              	.L15:
  73              		.cfi_restore_state
  74 00c0 48833D00 		cmpq	$0, _ZL28__gthrw___pthread_key_createPjPFvPvE@GOTPCREL(%rip)
  74      00000000 
  75 00c8 7466     		je	.L4
  76 00ca BAFFFFFF 		movl	$-1, %edx
  76      FF
  77 00cf F00FC150 		lock xaddl	%edx, -8(%rax)
  77      F8
  78 00d4 89D0     		movl	%edx, %eax
  79              	.L5:
  80 00d6 85C0     		testl	%eax, %eax
  81 00d8 0F8F65FF 		jg	.L3
  81      FFFF
  82 00de 488D7424 		leaq	7(%rsp), %rsi
  82      07
  83 00e3 E8000000 		call	_ZNSs4_Rep10_M_destroyERKSaIcE@PLT
  83      00
  84 00e8 E956FFFF 		jmp	.L3
  84      FF
  85 00ed 0F1F00   		.p2align 4,,10
  86              		.p2align 3
  87              	.L16:
  88 00f0 48833D00 		cmpq	$0, _ZL28__gthrw___pthread_key_createPjPFvPvE@GOTPCREL(%rip)
  88      00000000 
  89 00f8 7426     		je	.L9
  90 00fa BAFFFFFF 		movl	$-1, %edx
  90      FF
  91 00ff F00FC150 		lock xaddl	%edx, -8(%rax)
  91      F8
  92 0104 89D0     		movl	%edx, %eax
  93              	.L10:
  94 0106 85C0     		testl	%eax, %eax
  95 0108 0F8F66FF 		jg	.L8
  95      FFFF
  96 010e 488D7424 		leaq	7(%rsp), %rsi
  96      07
  97 0113 E8000000 		call	_ZNSs4_Rep10_M_destroyERKSaIcE@PLT
  97      00
  98 0118 E957FFFF 		jmp	.L8
  98      FF
  99 011d 0F1F00   		.p2align 4,,10
 100              		.p2align 3
 101              	.L9:
 102 0120 8B50F8   		movl	-8(%rax), %edx
 103 0123 8D4AFF   		leal	-1(%rdx), %ecx
 104 0126 8948F8   		movl	%ecx, -8(%rax)
 105 0129 89D0     		movl	%edx, %eax
 106 012b EBD9     		jmp	.L10
 107 012d 0F1F00   		.p2align 4,,10
 108              		.p2align 3
 109              	.L4:
 110 0130 8B50F8   		movl	-8(%rax), %edx
 111 0133 8D4AFF   		leal	-1(%rdx), %ecx
 112 0136 8948F8   		movl	%ecx, -8(%rax)
 113 0139 89D0     		movl	%edx, %eax
 114 013b EB99     		jmp	.L5
 115              	.L17:
 116 013d E8000000 		call	__stack_chk_fail@PLT
 116      00
 117              		.cfi_endproc
 118              	.LFE1163:
 120              		.section	.text.unlikely._ZN8UnitTest15MemoryOutStreamD1Ev,"axG",@progbits,_ZN8UnitTest15MemoryOutS
 121              	.LCOLDE0:
 122              		.section	.text._ZN8UnitTest15MemoryOutStreamD1Ev,"axG",@progbits,_ZN8UnitTest15MemoryOutStreamD1Ev
 123              	.LHOTE0:
 124              		.set	.LTHUNK0,_ZN8UnitTest15MemoryOutStreamD1Ev
 125              	.LCOLDB1:
 126              	.LHOTB1:
 127 0142 0F1F4000 		.p2align 4,,15
 127      662E0F1F 
 127      84000000 
 127      0000
 128              		.weak	_ZTv0_n24_N8UnitTest15MemoryOutStreamD1Ev
 130              	_ZTv0_n24_N8UnitTest15MemoryOutStreamD1Ev:
 131              	.LFB1173:
 132              		.cfi_startproc
 133 0150 4C8B17   		movq	(%rdi), %r10
 134 0153 49037AE8 		addq	-24(%r10), %rdi
 135 0157 E9A4FEFF 		jmp	.LTHUNK0
 135      FF
 136              		.cfi_endproc
 137              	.LFE1173:
 139              	.LCOLDE1:
 140              	.LHOTE1:
 141              		.section	.text.unlikely._ZN8UnitTest15MemoryOutStreamD0Ev,"axG",@progbits,_ZN8UnitTest15MemoryOutS
 142              		.align 2
 143              	.LCOLDB2:
 144              		.section	.text._ZN8UnitTest15MemoryOutStreamD0Ev,"axG",@progbits,_ZN8UnitTest15MemoryOutStreamD0Ev
 145              	.LHOTB2:
 146              		.align 2
 147              		.p2align 4,,15
 148              		.weak	_ZN8UnitTest15MemoryOutStreamD0Ev
 150              	_ZN8UnitTest15MemoryOutStreamD0Ev:
 151              	.LFB1164:
 152              		.cfi_startproc
 153 0000 55       		pushq	%rbp
 154              		.cfi_def_cfa_offset 16
 155              		.cfi_offset 6, -16
 156 0001 53       		pushq	%rbx
 157              		.cfi_def_cfa_offset 24
 158              		.cfi_offset 3, -24
 159 0002 4889FB   		movq	%rdi, %rbx
 160 0005 4883EC18 		subq	$24, %rsp
 161              		.cfi_def_cfa_offset 48
 162 0009 488B2D00 		movq	_ZNSs4_Rep20_S_empty_rep_storageE@GOTPCREL(%rip), %rbp
 162      000000
 163 0010 64488B04 		movq	%fs:40, %rax
 163      25280000 
 163      00
 164 0019 48894424 		movq	%rax, 8(%rsp)
 164      08
 165 001e 31C0     		xorl	%eax, %eax
 166 0020 488B0500 		movq	_ZTVN8UnitTest15MemoryOutStreamE@GOTPCREL(%rip), %rax
 166      000000
 167 0027 488D5018 		leaq	24(%rax), %rdx
 168 002b 4883C040 		addq	$64, %rax
 169 002f 48894760 		movq	%rax, 96(%rdi)
 170 0033 488B4758 		movq	88(%rdi), %rax
 171 0037 488917   		movq	%rdx, (%rdi)
 172 003a 488D78E8 		leaq	-24(%rax), %rdi
 173 003e 4839EF   		cmpq	%rbp, %rdi
 174 0041 0F858900 		jne	.L31
 174      0000
 175              	.L20:
 176 0047 488D0500 		leaq	24+_ZTCN8UnitTest15MemoryOutStreamE0_St19basic_ostringstreamIcSt11char_traitsIcESaIcEE(%rip),
 176      000000
 177 004e 488903   		movq	%rax, (%rbx)
 178 0051 488D0500 		leaq	64+_ZTCN8UnitTest15MemoryOutStreamE0_St19basic_ostringstreamIcSt11char_traitsIcESaIcEE(%rip),
 178      000000
 179 0058 48894360 		movq	%rax, 96(%rbx)
 180 005c 488B0500 		movq	_ZTVSt15basic_stringbufIcSt11char_traitsIcESaIcEE@GOTPCREL(%rip), %rax
 180      000000
 181 0063 4883C010 		addq	$16, %rax
 182 0067 48894308 		movq	%rax, 8(%rbx)
 183 006b 488B4350 		movq	80(%rbx), %rax
 184 006f 488D78E8 		leaq	-24(%rax), %rdi
 185 0073 4839EF   		cmpq	%rbp, %rdi
 186 0076 0F858400 		jne	.L32
 186      0000
 187              	.L25:
 188 007c 488B0500 		movq	_ZTVSt15basic_streambufIcSt11char_traitsIcEE@GOTPCREL(%rip), %rax
 188      000000
 189 0083 488D7B40 		leaq	64(%rbx), %rdi
 190 0087 4883C010 		addq	$16, %rax
 191 008b 48894308 		movq	%rax, 8(%rbx)
 192 008f E8000000 		call	_ZNSt6localeD1Ev@PLT
 192      00
 193 0094 488B0500 		movq	_ZTVSt9basic_iosIcSt11char_traitsIcEE@GOTPCREL(%rip), %rax
 193      000000
 194 009b 488D7B60 		leaq	96(%rbx), %rdi
 195 009f 4883C010 		addq	$16, %rax
 196 00a3 48894360 		movq	%rax, 96(%rbx)
 197 00a7 E8000000 		call	_ZNSt8ios_baseD2Ev@PLT
 197      00
 198 00ac 4889DF   		movq	%rbx, %rdi
 199 00af E8000000 		call	_ZdlPv@PLT
 199      00
 200 00b4 488B4424 		movq	8(%rsp), %rax
 200      08
 201 00b9 64483304 		xorq	%fs:40, %rax
 201      25280000 
 201      00
 202 00c2 0F858500 		jne	.L33
 202      0000
 203 00c8 4883C418 		addq	$24, %rsp
 204              		.cfi_remember_state
 205              		.cfi_def_cfa_offset 24
 206 00cc 5B       		popq	%rbx
 207              		.cfi_def_cfa_offset 16
 208 00cd 5D       		popq	%rbp
 209              		.cfi_def_cfa_offset 8
 210 00ce C3       		ret
 211 00cf 90       		.p2align 4,,10
 212              		.p2align 3
 213              	.L31:
 214              		.cfi_restore_state
 215 00d0 48833D00 		cmpq	$0, _ZL28__gthrw___pthread_key_createPjPFvPvE@GOTPCREL(%rip)
 215      00000000 
 216 00d8 7466     		je	.L21
 217 00da BAFFFFFF 		movl	$-1, %edx
 217      FF
 218 00df F00FC150 		lock xaddl	%edx, -8(%rax)
 218      F8
 219 00e4 89D0     		movl	%edx, %eax
 220              	.L22:
 221 00e6 85C0     		testl	%eax, %eax
 222 00e8 0F8F59FF 		jg	.L20
 222      FFFF
 223 00ee 488D7424 		leaq	7(%rsp), %rsi
 223      07
 224 00f3 E8000000 		call	_ZNSs4_Rep10_M_destroyERKSaIcE@PLT
 224      00
 225 00f8 E94AFFFF 		jmp	.L20
 225      FF
 226 00fd 0F1F00   		.p2align 4,,10
 227              		.p2align 3
 228              	.L32:
 229 0100 48833D00 		cmpq	$0, _ZL28__gthrw___pthread_key_createPjPFvPvE@GOTPCREL(%rip)
 229      00000000 
 230 0108 7426     		je	.L26
 231 010a BAFFFFFF 		movl	$-1, %edx
 231      FF
 232 010f F00FC150 		lock xaddl	%edx, -8(%rax)
 232      F8
 233 0114 89D0     		movl	%edx, %eax
 234              	.L27:
 235 0116 85C0     		testl	%eax, %eax
 236 0118 0F8F5EFF 		jg	.L25
 236      FFFF
 237 011e 488D7424 		leaq	7(%rsp), %rsi
 237      07
 238 0123 E8000000 		call	_ZNSs4_Rep10_M_destroyERKSaIcE@PLT
 238      00
 239 0128 E94FFFFF 		jmp	.L25
 239      FF
 240 012d 0F1F00   		.p2align 4,,10
 241              		.p2align 3
 242              	.L26:
 243 0130 8B50F8   		movl	-8(%rax), %edx
 244 0133 8D4AFF   		leal	-1(%rdx), %ecx
 245 0136 8948F8   		movl	%ecx, -8(%rax)
 246 0139 89D0     		movl	%edx, %eax
 247 013b EBD9     		jmp	.L27
 248 013d 0F1F00   		.p2align 4,,10
 249              		.p2align 3
 250              	.L21:
 251 0140 8B50F8   		movl	-8(%rax), %edx
 252 0143 8D4AFF   		leal	-1(%rdx), %ecx
 253 0146 8948F8   		movl	%ecx, -8(%rax)
 254 0149 89D0     		movl	%edx, %eax
 255 014b EB99     		jmp	.L22
 256              	.L33:
 257 014d E8000000 		call	__stack_chk_fail@PLT
 257      00
 258              		.cfi_endproc
 259              	.LFE1164:
 261              		.section	.text.unlikely._ZN8UnitTest15MemoryOutStreamD0Ev,"axG",@progbits,_ZN8UnitTest15MemoryOutS
 262              	.LCOLDE2:
 263              		.section	.text._ZN8UnitTest15MemoryOutStreamD0Ev,"axG",@progbits,_ZN8UnitTest15MemoryOutStreamD0Ev
 264              	.LHOTE2:
 265              		.set	.LTHUNK1,_ZN8UnitTest15MemoryOutStreamD0Ev
 266              	.LCOLDB3:
 267              	.LHOTB3:
 268 0152 0F1F4000 		.p2align 4,,15
 268      662E0F1F 
 268      84000000 
 268      0000
 269              		.weak	_ZTv0_n24_N8UnitTest15MemoryOutStreamD0Ev
 271              	_ZTv0_n24_N8UnitTest15MemoryOutStreamD0Ev:
 272              	.LFB1174:
 273              		.cfi_startproc
 274 0160 4C8B17   		movq	(%rdi), %r10
 275 0163 49037AE8 		addq	-24(%r10), %rdi
 276 0167 E994FEFF 		jmp	.LTHUNK1
 276      FF
 277              		.cfi_endproc
 278              	.LFE1174:
 280              	.LCOLDE3:
 281              	.LHOTE3:
 282              		.section	.text.unlikely,"ax",@progbits
 283              		.align 2
 284              	.LCOLDB4:
 285              		.text
 286              	.LHOTB4:
 287              		.align 2
 288              		.p2align 4,,15
 289              		.globl	_ZN8UnitTest14TimeConstraintC2EiRKNS_11TestDetailsE
 291              	_ZN8UnitTest14TimeConstraintC2EiRKNS_11TestDetailsE:
 292              	.LFB1081:
 293              		.cfi_startproc
 294 0000 4154     		pushq	%r12
 295              		.cfi_def_cfa_offset 16
 296              		.cfi_offset 12, -16
 297 0002 55       		pushq	%rbp
 298              		.cfi_def_cfa_offset 24
 299              		.cfi_offset 6, -24
 300 0003 4989D4   		movq	%rdx, %r12
 301 0006 53       		pushq	%rbx
 302              		.cfi_def_cfa_offset 32
 303              		.cfi_offset 3, -32
 304 0007 89F5     		movl	%esi, %ebp
 305 0009 4889FB   		movq	%rdi, %rbx
 306 000c E8000000 		call	_ZN8UnitTest5TimerC1Ev@PLT
 306      00
 307 0011 4C896310 		movq	%r12, 16(%rbx)
 308 0015 896B18   		movl	%ebp, 24(%rbx)
 309 0018 4889DF   		movq	%rbx, %rdi
 310 001b 5B       		popq	%rbx
 311              		.cfi_def_cfa_offset 24
 312 001c 5D       		popq	%rbp
 313              		.cfi_def_cfa_offset 16
 314 001d 415C     		popq	%r12
 315              		.cfi_def_cfa_offset 8
 316 001f E9000000 		jmp	_ZN8UnitTest5Timer5StartEv@PLT
 316      00
 317              		.cfi_endproc
 318              	.LFE1081:
 320              		.section	.text.unlikely
 321              	.LCOLDE4:
 322              		.text
 323              	.LHOTE4:
 324              		.globl	_ZN8UnitTest14TimeConstraintC1EiRKNS_11TestDetailsE
 325              		.set	_ZN8UnitTest14TimeConstraintC1EiRKNS_11TestDetailsE,_ZN8UnitTest14TimeConstraintC2EiRKNS_11Te
 326              		.section	.rodata.str1.8,"aMS",@progbits,1
 327              		.align 8
 328              	.LC5:
 329 0000 54696D65 		.string	"Time constraint failed. Expected to run test under "
 329      20636F6E 
 329      73747261 
 329      696E7420 
 329      6661696C 
 330              		.section	.rodata.str1.1,"aMS",@progbits,1
 331              	.LC6:
 332 0000 6D732062 		.string	"ms but took "
 332      75742074 
 332      6F6F6B20 
 332      00
 333              	.LC7:
 334 000d 6D732E00 		.string	"ms."
 335              		.section	.text.unlikely
 336              		.align 2
 337              	.LCOLDB8:
 338              		.text
 339              	.LHOTB8:
 340              		.align 2
 341 0024 6690662E 		.p2align 4,,15
 341      0F1F8400 
 341      00000000 
 342              		.globl	_ZN8UnitTest14TimeConstraintD2Ev
 344              	_ZN8UnitTest14TimeConstraintD2Ev:
 345              	.LFB1084:
 346              		.cfi_startproc
 347              		.cfi_personality 0x9b,DW.ref.__gxx_personality_v0
 348              		.cfi_lsda 0x1b,.LLSDA1084
 349 0030 4157     		pushq	%r15
 350              		.cfi_def_cfa_offset 16
 351              		.cfi_offset 15, -16
 352 0032 4156     		pushq	%r14
 353              		.cfi_def_cfa_offset 24
 354              		.cfi_offset 14, -24
 355 0034 4155     		pushq	%r13
 356              		.cfi_def_cfa_offset 32
 357              		.cfi_offset 13, -32
 358 0036 4154     		pushq	%r12
 359              		.cfi_def_cfa_offset 40
 360              		.cfi_offset 12, -40
 361 0038 55       		pushq	%rbp
 362              		.cfi_def_cfa_offset 48
 363              		.cfi_offset 6, -48
 364 0039 53       		pushq	%rbx
 365              		.cfi_def_cfa_offset 56
 366              		.cfi_offset 3, -56
 367 003a 4889FD   		movq	%rdi, %rbp
 368 003d 4881EC88 		subq	$392, %rsp
 368      010000
 369              		.cfi_def_cfa_offset 448
 370 0044 64488B04 		movq	%fs:40, %rax
 370      25280000 
 370      00
 371 004d 48898424 		movq	%rax, 376(%rsp)
 371      78010000 
 372 0055 31C0     		xorl	%eax, %eax
 373              	.LEHB0:
 374 0057 E8000000 		call	_ZNK8UnitTest5Timer11GetTimeInMsEv@PLT
 374      00
 375              	.LEHE0:
 376 005c 3B4518   		cmpl	24(%rbp), %eax
 377 005f 4189C4   		movl	%eax, %r12d
 378 0062 7F2C     		jg	.L67
 379              	.L36:
 380 0064 488B8424 		movq	376(%rsp), %rax
 380      78010000 
 381 006c 64483304 		xorq	%fs:40, %rax
 381      25280000 
 381      00
 382 0075 0F85E202 		jne	.L68
 382      0000
 383 007b 4881C488 		addq	$392, %rsp
 383      010000
 384              		.cfi_remember_state
 385              		.cfi_def_cfa_offset 56
 386 0082 5B       		popq	%rbx
 387              		.cfi_def_cfa_offset 48
 388 0083 5D       		popq	%rbp
 389              		.cfi_def_cfa_offset 40
 390 0084 415C     		popq	%r12
 391              		.cfi_def_cfa_offset 32
 392 0086 415D     		popq	%r13
 393              		.cfi_def_cfa_offset 24
 394 0088 415E     		popq	%r14
 395              		.cfi_def_cfa_offset 16
 396 008a 415F     		popq	%r15
 397              		.cfi_def_cfa_offset 8
 398 008c C3       		ret
 399 008d 0F1F00   		.p2align 4,,10
 400              		.p2align 3
 401              	.L67:
 402              		.cfi_restore_state
 403 0090 488D5C24 		leaq	16(%rsp), %rbx
 403      10
 404 0095 4C8D6B60 		leaq	96(%rbx), %r13
 405 0099 4C89EF   		movq	%r13, %rdi
 406 009c E8000000 		call	_ZNSt8ios_baseC2Ev@PLT
 406      00
 407 00a1 488D0500 		leaq	24+_ZTCN8UnitTest15MemoryOutStreamE0_So(%rip), %rax
 407      000000
 408 00a8 31F6     		xorl	%esi, %esi
 409 00aa 4C89EF   		movq	%r13, %rdi
 410 00ad 48C78424 		movq	$0, 328(%rsp)
 410      48010000 
 410      00000000 
 411 00b9 C6842450 		movb	$0, 336(%rsp)
 411      01000000 
 412 00c1 48894424 		movq	%rax, 16(%rsp)
 412      10
 413 00c6 488D0500 		leaq	64+_ZTCN8UnitTest15MemoryOutStreamE0_So(%rip), %rax
 413      000000
 414 00cd C6842451 		movb	$0, 337(%rsp)
 414      01000000 
 415 00d5 48C78424 		movq	$0, 344(%rsp)
 415      58010000 
 415      00000000 
 416 00e1 48C78424 		movq	$0, 352(%rsp)
 416      60010000 
 416      00000000 
 417 00ed 48C78424 		movq	$0, 360(%rsp)
 417      68010000 
 417      00000000 
 418 00f9 48C78424 		movq	$0, 368(%rsp)
 418      70010000 
 418      00000000 
 419 0105 48894424 		movq	%rax, 112(%rsp)
 419      70
 420              	.LEHB1:
 421 010a E8000000 		call	_ZNSt9basic_iosIcSt11char_traitsIcEE4initEPSt15basic_streambufIcS1_E@PLT
 421      00
 422              	.LEHE1:
 423 010f 488D0500 		leaq	24+_ZTCN8UnitTest15MemoryOutStreamE0_St19basic_ostringstreamIcSt11char_traitsIcESaIcEE(%rip),
 423      000000
 424 0116 488D7B40 		leaq	64(%rbx), %rdi
 425 011a 48C74424 		movq	$0, 32(%rsp)
 425      20000000 
 425      00
 426 0123 48C74424 		movq	$0, 40(%rsp)
 426      28000000 
 426      00
 427 012c 48C74424 		movq	$0, 48(%rsp)
 427      30000000 
 427      00
 428 0135 48894424 		movq	%rax, 16(%rsp)
 428      10
 429 013a 488D0500 		leaq	64+_ZTCN8UnitTest15MemoryOutStreamE0_St19basic_ostringstreamIcSt11char_traitsIcESaIcEE(%rip),
 429      000000
 430 0141 48C74424 		movq	$0, 56(%rsp)
 430      38000000 
 430      00
 431 014a 48C74424 		movq	$0, 64(%rsp)
 431      40000000 
 431      00
 432 0153 48C74424 		movq	$0, 72(%rsp)
 432      48000000 
 432      00
 433 015c 48894424 		movq	%rax, 112(%rsp)
 433      70
 434 0161 488B0500 		movq	_ZTVSt15basic_streambufIcSt11char_traitsIcEE@GOTPCREL(%rip), %rax
 434      000000
 435 0168 4883C010 		addq	$16, %rax
 436 016c 48894424 		movq	%rax, 24(%rsp)
 436      18
 437 0171 E8000000 		call	_ZNSt6localeC1Ev@PLT
 437      00
 438 0176 488B0500 		movq	_ZTVSt15basic_stringbufIcSt11char_traitsIcESaIcEE@GOTPCREL(%rip), %rax
 438      000000
 439 017d 4C8B2D00 		movq	_ZNSs4_Rep20_S_empty_rep_storageE@GOTPCREL(%rip), %r13
 439      000000
 440 0184 4889DF   		movq	%rbx, %rdi
 441 0187 488D7308 		leaq	8(%rbx), %rsi
 442 018b C7442458 		movl	$16, 88(%rsp)
 442      10000000 
 443 0193 4883C010 		addq	$16, %rax
 444 0197 48894424 		movq	%rax, 24(%rsp)
 444      18
 445 019c 498D4518 		leaq	24(%r13), %rax
 446 01a0 48894424 		movq	%rax, 96(%rsp)
 446      60
 447 01a5 488B4424 		movq	16(%rsp), %rax
 447      10
 448 01aa 480378E8 		addq	-24(%rax), %rdi
 449              	.LEHB2:
 450 01ae E8000000 		call	_ZNSt9basic_iosIcSt11char_traitsIcEE4initEPSt15basic_streambufIcS1_E@PLT
 450      00
 451              	.LEHE2:
 452 01b3 4C8B3500 		movq	_ZTVN8UnitTest15MemoryOutStreamE@GOTPCREL(%rip), %r14
 452      000000
 453 01ba 488D3500 		leaq	.LC5(%rip), %rsi
 453      000000
 454 01c1 BA330000 		movl	$51, %edx
 454      00
 455 01c6 4889DF   		movq	%rbx, %rdi
 456 01c9 448B7D18 		movl	24(%rbp), %r15d
 457 01cd 498D4618 		leaq	24(%r14), %rax
 458 01d1 48894424 		movq	%rax, 16(%rsp)
 458      10
 459 01d6 498D4640 		leaq	64(%r14), %rax
 460 01da 48894424 		movq	%rax, 112(%rsp)
 460      70
 461 01df 498D4518 		leaq	24(%r13), %rax
 462 01e3 48894424 		movq	%rax, 104(%rsp)
 462      68
 463              	.LEHB3:
 464 01e8 E8000000 		call	_ZSt16__ostream_insertIcSt11char_traitsIcEERSt13basic_ostreamIT_T0_ES6_PKS3_l@PLT
 464      00
 465 01ed 4489FE   		movl	%r15d, %esi
 466 01f0 4889DF   		movq	%rbx, %rdi
 467 01f3 E8000000 		call	_ZNSolsEi@PLT
 467      00
 468 01f8 488D3500 		leaq	.LC6(%rip), %rsi
 468      000000
 469 01ff BA0C0000 		movl	$12, %edx
 469      00
 470 0204 4889C7   		movq	%rax, %rdi
 471 0207 4989C7   		movq	%rax, %r15
 472 020a E8000000 		call	_ZSt16__ostream_insertIcSt11char_traitsIcEERSt13basic_ostreamIT_T0_ES6_PKS3_l@PLT
 472      00
 473 020f 4489E6   		movl	%r12d, %esi
 474 0212 4C89FF   		movq	%r15, %rdi
 475 0215 E8000000 		call	_ZNSolsEi@PLT
 475      00
 476 021a 488D3500 		leaq	.LC7(%rip), %rsi
 476      000000
 477 0221 BA030000 		movl	$3, %edx
 477      00
 478 0226 4889C7   		movq	%rax, %rdi
 479 0229 E8000000 		call	_ZSt16__ostream_insertIcSt11char_traitsIcEERSt13basic_ostreamIT_T0_ES6_PKS3_l@PLT
 479      00
 480 022e 4889DF   		movq	%rbx, %rdi
 481 0231 E8000000 		call	_ZNK8UnitTest15MemoryOutStream7GetTextEv@PLT
 481      00
 482 0236 4989C4   		movq	%rax, %r12
 483 0239 488B6D10 		movq	16(%rbp), %rbp
 484 023d E8000000 		call	_ZN8UnitTest11CurrentTest7ResultsEv@PLT
 484      00
 485 0242 488B38   		movq	(%rax), %rdi
 486 0245 4C89E2   		movq	%r12, %rdx
 487 0248 4889EE   		movq	%rbp, %rsi
 488 024b E8000000 		call	_ZN8UnitTest11TestResults13OnTestFailureERKNS_11TestDetailsEPKc@PLT
 488      00
 489              	.LEHE3:
 490 0250 498D4618 		leaq	24(%r14), %rax
 491 0254 48894424 		movq	%rax, 16(%rsp)
 491      10
 492 0259 498D4640 		leaq	64(%r14), %rax
 493 025d 48894424 		movq	%rax, 112(%rsp)
 493      70
 494 0262 488B4424 		movq	104(%rsp), %rax
 494      68
 495 0267 488D78E8 		leaq	-24(%rax), %rdi
 496 026b 4C39EF   		cmpq	%r13, %rdi
 497 026e 7570     		jne	.L69
 498              	.L48:
 499 0270 488D0500 		leaq	24+_ZTCN8UnitTest15MemoryOutStreamE0_St19basic_ostringstreamIcSt11char_traitsIcESaIcEE(%rip),
 499      000000
 500 0277 48894424 		movq	%rax, 16(%rsp)
 500      10
 501 027c 488D0500 		leaq	64+_ZTCN8UnitTest15MemoryOutStreamE0_St19basic_ostringstreamIcSt11char_traitsIcESaIcEE(%rip),
 501      000000
 502 0283 48894424 		movq	%rax, 112(%rsp)
 502      70
 503 0288 488B0500 		movq	_ZTVSt15basic_stringbufIcSt11char_traitsIcESaIcEE@GOTPCREL(%rip), %rax
 503      000000
 504 028f 4883C010 		addq	$16, %rax
 505 0293 48894424 		movq	%rax, 24(%rsp)
 505      18
 506 0298 488B4424 		movq	96(%rsp), %rax
 506      60
 507 029d 488D78E8 		leaq	-24(%rax), %rdi
 508 02a1 4C39EF   		cmpq	%r13, %rdi
 509 02a4 756A     		jne	.L70
 510              	.L53:
 511 02a6 488B0500 		movq	_ZTVSt15basic_streambufIcSt11char_traitsIcEE@GOTPCREL(%rip), %rax
 511      000000
 512 02ad 488D7B40 		leaq	64(%rbx), %rdi
 513 02b1 4883C010 		addq	$16, %rax
 514 02b5 48894424 		movq	%rax, 24(%rsp)
 514      18
 515 02ba E8000000 		call	_ZNSt6localeD1Ev@PLT
 515      00
 516 02bf 488B0500 		movq	_ZTVSt9basic_iosIcSt11char_traitsIcEE@GOTPCREL(%rip), %rax
 516      000000
 517 02c6 488D7B60 		leaq	96(%rbx), %rdi
 518 02ca 4883C010 		addq	$16, %rax
 519 02ce 48894424 		movq	%rax, 112(%rsp)
 519      70
 520              	.LEHB4:
 521 02d3 E8000000 		call	_ZNSt8ios_baseD2Ev@PLT
 521      00
 522              	.LEHE4:
 523 02d8 E987FDFF 		jmp	.L36
 523      FF
 524 02dd 0F1F00   		.p2align 4,,10
 525              		.p2align 3
 526              	.L69:
 527 02e0 48833D00 		cmpq	$0, _ZL28__gthrw___pthread_key_createPjPFvPvE@GOTPCREL(%rip)
 527      00000000 
 528 02e8 7456     		je	.L49
 529 02ea BAFFFFFF 		movl	$-1, %edx
 529      FF
 530 02ef F00FC150 		lock xaddl	%edx, -8(%rax)
 530      F8
 531 02f4 89D0     		movl	%edx, %eax
 532              	.L50:
 533 02f6 85C0     		testl	%eax, %eax
 534 02f8 0F8F72FF 		jg	.L48
 534      FFFF
 535 02fe 488D7424 		leaq	15(%rsp), %rsi
 535      0F
 536 0303 E8000000 		call	_ZNSs4_Rep10_M_destroyERKSaIcE@PLT
 536      00
 537 0308 E963FFFF 		jmp	.L48
 537      FF
 538 030d 0F1F00   		.p2align 4,,10
 539              		.p2align 3
 540              	.L70:
 541 0310 48833D00 		cmpq	$0, _ZL28__gthrw___pthread_key_createPjPFvPvE@GOTPCREL(%rip)
 541      00000000 
 542 0318 7436     		je	.L54
 543 031a BAFFFFFF 		movl	$-1, %edx
 543      FF
 544 031f F00FC150 		lock xaddl	%edx, -8(%rax)
 544      F8
 545 0324 89D0     		movl	%edx, %eax
 546              	.L55:
 547 0326 85C0     		testl	%eax, %eax
 548 0328 0F8F78FF 		jg	.L53
 548      FFFF
 549 032e 488D7424 		leaq	15(%rsp), %rsi
 549      0F
 550 0333 E8000000 		call	_ZNSs4_Rep10_M_destroyERKSaIcE@PLT
 550      00
 551 0338 E969FFFF 		jmp	.L53
 551      FF
 552 033d 0F1F00   		.p2align 4,,10
 553              		.p2align 3
 554              	.L49:
 555 0340 8B50F8   		movl	-8(%rax), %edx
 556 0343 8D4AFF   		leal	-1(%rdx), %ecx
 557 0346 8948F8   		movl	%ecx, -8(%rax)
 558 0349 89D0     		movl	%edx, %eax
 559 034b EBA9     		jmp	.L50
 560 034d 0F1F00   		.p2align 4,,10
 561              		.p2align 3
 562              	.L54:
 563 0350 8B50F8   		movl	-8(%rax), %edx
 564 0353 8D4AFF   		leal	-1(%rdx), %ecx
 565 0356 8948F8   		movl	%ecx, -8(%rax)
 566 0359 89D0     		movl	%edx, %eax
 567 035b EBC9     		jmp	.L55
 568              	.L68:
 569 035d E8000000 		call	__stack_chk_fail@PLT
 569      00
 570              	.L60:
 571 0362 4889C5   		movq	%rax, %rbp
 572              	.L45:
 573 0365 488B0500 		movq	_ZTVSt9basic_iosIcSt11char_traitsIcEE@GOTPCREL(%rip), %rax
 573      000000
 574 036c 488D7B60 		leaq	96(%rbx), %rdi
 575 0370 4883C010 		addq	$16, %rax
 576 0374 48894424 		movq	%rax, 112(%rsp)
 576      70
 577 0379 E8000000 		call	_ZNSt8ios_baseD2Ev@PLT
 577      00
 578 037e 4889EF   		movq	%rbp, %rdi
 579              	.LEHB5:
 580 0381 E8000000 		call	_Unwind_Resume@PLT
 580      00
 581              	.LEHE5:
 582              	.L61:
 583 0386 4889C5   		movq	%rax, %rbp
 584 0389 488B0500 		movq	_ZTVSt15basic_stringbufIcSt11char_traitsIcESaIcEE@GOTPCREL(%rip), %rax
 584      000000
 585 0390 4883C010 		addq	$16, %rax
 586 0394 48894424 		movq	%rax, 24(%rsp)
 586      18
 587 0399 488B4424 		movq	96(%rsp), %rax
 587      60
 588 039e 488D78E8 		leaq	-24(%rax), %rdi
 589 03a2 4C39EF   		cmpq	%r13, %rdi
 590 03a5 752E     		jne	.L71
 591              	.L41:
 592 03a7 488B0500 		movq	_ZTVSt15basic_streambufIcSt11char_traitsIcEE@GOTPCREL(%rip), %rax
 592      000000
 593 03ae 488D7B40 		leaq	64(%rbx), %rdi
 594 03b2 4883C010 		addq	$16, %rax
 595 03b6 48894424 		movq	%rax, 24(%rsp)
 595      18
 596 03bb E8000000 		call	_ZNSt6localeD1Ev@PLT
 596      00
 597 03c0 EBA3     		jmp	.L45
 598              	.L59:
 599 03c2 4889C5   		movq	%rax, %rbp
 600 03c5 4889DF   		movq	%rbx, %rdi
 601 03c8 E8000000 		call	_ZN8UnitTest15MemoryOutStreamD1Ev@PLT
 601      00
 602 03cd 4889EF   		movq	%rbp, %rdi
 603              	.LEHB6:
 604 03d0 E8000000 		call	_Unwind_Resume@PLT
 604      00
 605              	.LEHE6:
 606              	.L71:
 607 03d5 48833D00 		cmpq	$0, _ZL28__gthrw___pthread_key_createPjPFvPvE@GOTPCREL(%rip)
 607      00000000 
 608 03dd 488D4F10 		leaq	16(%rdi), %rcx
 609 03e1 7417     		je	.L42
 610 03e3 83CAFF   		orl	$-1, %edx
 611 03e6 F00FC111 		lock xaddl	%edx, (%rcx)
 612              	.L43:
 613 03ea 85D2     		testl	%edx, %edx
 614 03ec 7FB9     		jg	.L41
 615 03ee 488D7424 		leaq	15(%rsp), %rsi
 615      0F
 616 03f3 E8000000 		call	_ZNSs4_Rep10_M_destroyERKSaIcE@PLT
 616      00
 617 03f8 EBAD     		jmp	.L41
 618              	.L42:
 619 03fa 8B50F8   		movl	-8(%rax), %edx
 620 03fd 8D4AFF   		leal	-1(%rdx), %ecx
 621 0400 8948F8   		movl	%ecx, -8(%rax)
 622 0403 EBE5     		jmp	.L43
 623              		.cfi_endproc
 624              	.LFE1084:
 625              		.globl	__gxx_personality_v0
 626              		.section	.gcc_except_table,"a",@progbits
 627              	.LLSDA1084:
 628 0000 FF       		.byte	0xff
 629 0001 FF       		.byte	0xff
 630 0002 01       		.byte	0x1
 631 0003 25       		.uleb128 .LLSDACSE1084-.LLSDACSB1084
 632              	.LLSDACSB1084:
 633 0004 27       		.uleb128 .LEHB0-.LFB1084
 634 0005 05       		.uleb128 .LEHE0-.LEHB0
 635 0006 00       		.uleb128 0
 636 0007 00       		.uleb128 0
 637 0008 DA01     		.uleb128 .LEHB1-.LFB1084
 638 000a 05       		.uleb128 .LEHE1-.LEHB1
 639 000b B206     		.uleb128 .L60-.LFB1084
 640 000d 00       		.uleb128 0
 641 000e FE02     		.uleb128 .LEHB2-.LFB1084
 642 0010 05       		.uleb128 .LEHE2-.LEHB2
 643 0011 D606     		.uleb128 .L61-.LFB1084
 644 0013 00       		.uleb128 0
 645 0014 B803     		.uleb128 .LEHB3-.LFB1084
 646 0016 68       		.uleb128 .LEHE3-.LEHB3
 647 0017 9207     		.uleb128 .L59-.LFB1084
 648 0019 00       		.uleb128 0
 649 001a A305     		.uleb128 .LEHB4-.LFB1084
 650 001c 05       		.uleb128 .LEHE4-.LEHB4
 651 001d 00       		.uleb128 0
 652 001e 00       		.uleb128 0
 653 001f D106     		.uleb128 .LEHB5-.LFB1084
 654 0021 05       		.uleb128 .LEHE5-.LEHB5
 655 0022 00       		.uleb128 0
 656 0023 00       		.uleb128 0
 657 0024 A007     		.uleb128 .LEHB6-.LFB1084
 658 0026 05       		.uleb128 .LEHE6-.LEHB6
 659 0027 00       		.uleb128 0
 660 0028 00       		.uleb128 0
 661              	.LLSDACSE1084:
 662              		.text
 664              		.section	.text.unlikely
 665              	.LCOLDE8:
 666              		.text
 667              	.LHOTE8:
 668              		.globl	_ZN8UnitTest14TimeConstraintD1Ev
 669              		.set	_ZN8UnitTest14TimeConstraintD1Ev,_ZN8UnitTest14TimeConstraintD2Ev
 670              		.weak	_ZTIN8UnitTest15MemoryOutStreamE
 671              		.section	.data.rel.ro._ZTIN8UnitTest15MemoryOutStreamE,"awG",@progbits,_ZTIN8UnitTest15MemoryOutSt
 672              		.align 16
 675              	_ZTIN8UnitTest15MemoryOutStreamE:
 676 0000 00000000 		.quad	_ZTVN10__cxxabiv120__si_class_type_infoE+16
 676      00000000 
 677 0008 00000000 		.quad	_ZTSN8UnitTest15MemoryOutStreamE
 677      00000000 
 678 0010 00000000 		.quad	_ZTISt19basic_ostringstreamIcSt11char_traitsIcESaIcEE
 678      00000000 
 679              		.weak	_ZTSN8UnitTest15MemoryOutStreamE
 680              		.section	.rodata._ZTSN8UnitTest15MemoryOutStreamE,"aG",@progbits,_ZTSN8UnitTest15MemoryOutStreamE,
 681              		.align 16
 684              	_ZTSN8UnitTest15MemoryOutStreamE:
 685 0000 4E38556E 		.string	"N8UnitTest15MemoryOutStreamE"
 685      69745465 
 685      73743135 
 685      4D656D6F 
 685      72794F75 
 686              		.hidden	_ZTCN8UnitTest15MemoryOutStreamE0_So
 687              		.weak	_ZTCN8UnitTest15MemoryOutStreamE0_So
 688              		.section	.data.rel.ro._ZTCN8UnitTest15MemoryOutStreamE0_So,"awG",@progbits,_ZTVN8UnitTest15MemoryO
 689              		.align 64
 692              	_ZTCN8UnitTest15MemoryOutStreamE0_So:
 693 0000 60000000 		.quad	96
 693      00000000 
 694 0008 00000000 		.quad	0
 694      00000000 
 695 0010 00000000 		.quad	_ZTISo
 695      00000000 
 696 0018 00000000 		.quad	0
 696      00000000 
 697 0020 00000000 		.quad	0
 697      00000000 
 698 0028 A0FFFFFF 		.quad	-96
 698      FFFFFFFF 
 699 0030 A0FFFFFF 		.quad	-96
 699      FFFFFFFF 
 700 0038 00000000 		.quad	_ZTISo
 700      00000000 
 701 0040 00000000 		.quad	0
 701      00000000 
 702 0048 00000000 		.quad	0
 702      00000000 
 703              		.hidden	_ZTCN8UnitTest15MemoryOutStreamE0_St19basic_ostringstreamIcSt11char_traitsIcESaIcEE
 704              		.weak	_ZTCN8UnitTest15MemoryOutStreamE0_St19basic_ostringstreamIcSt11char_traitsIcESaIcEE
 705              		.section	.data.rel.ro._ZTCN8UnitTest15MemoryOutStreamE0_St19basic_ostringstreamIcSt11char_traitsIc
 706              		.align 64
 709              	_ZTCN8UnitTest15MemoryOutStreamE0_St19basic_ostringstreamIcSt11char_traitsIcESaIcEE:
 710 0000 60000000 		.quad	96
 710      00000000 
 711 0008 00000000 		.quad	0
 711      00000000 
 712 0010 00000000 		.quad	_ZTISt19basic_ostringstreamIcSt11char_traitsIcESaIcEE
 712      00000000 
 713 0018 00000000 		.quad	0
 713      00000000 
 714 0020 00000000 		.quad	0
 714      00000000 
 715 0028 A0FFFFFF 		.quad	-96
 715      FFFFFFFF 
 716 0030 A0FFFFFF 		.quad	-96
 716      FFFFFFFF 
 717 0038 00000000 		.quad	_ZTISt19basic_ostringstreamIcSt11char_traitsIcESaIcEE
 717      00000000 
 718 0040 00000000 		.quad	0
 718      00000000 
 719 0048 00000000 		.quad	0
 719      00000000 
 720              		.weak	_ZTTN8UnitTest15MemoryOutStreamE
 721              		.section	.data.rel.ro._ZTTN8UnitTest15MemoryOutStreamE,"awG",@progbits,_ZTVN8UnitTest15MemoryOutSt
 722              		.align 32
 725              	_ZTTN8UnitTest15MemoryOutStreamE:
 726 0000 00000000 		.quad	_ZTVN8UnitTest15MemoryOutStreamE+24
 726      00000000 
 727 0008 00000000 		.quad	_ZTCN8UnitTest15MemoryOutStreamE0_St19basic_ostringstreamIcSt11char_traitsIcESaIcEE+24
 727      00000000 
 728 0010 00000000 		.quad	_ZTCN8UnitTest15MemoryOutStreamE0_So+24
 728      00000000 
 729 0018 00000000 		.quad	_ZTCN8UnitTest15MemoryOutStreamE0_So+64
 729      00000000 
 730 0020 00000000 		.quad	_ZTCN8UnitTest15MemoryOutStreamE0_St19basic_ostringstreamIcSt11char_traitsIcESaIcEE+64
 730      00000000 
 731 0028 00000000 		.quad	_ZTVN8UnitTest15MemoryOutStreamE+64
 731      00000000 
 732              		.weak	_ZTVN8UnitTest15MemoryOutStreamE
 733              		.section	.data.rel.ro._ZTVN8UnitTest15MemoryOutStreamE,"awG",@progbits,_ZTVN8UnitTest15MemoryOutSt
 734              		.align 64
 737              	_ZTVN8UnitTest15MemoryOutStreamE:
 738 0000 60000000 		.quad	96
 738      00000000 
 739 0008 00000000 		.quad	0
 739      00000000 
 740 0010 00000000 		.quad	_ZTIN8UnitTest15MemoryOutStreamE
 740      00000000 
 741 0018 00000000 		.quad	_ZN8UnitTest15MemoryOutStreamD1Ev
 741      00000000 
 742 0020 00000000 		.quad	_ZN8UnitTest15MemoryOutStreamD0Ev
 742      00000000 
 743 0028 A0FFFFFF 		.quad	-96
 743      FFFFFFFF 
 744 0030 A0FFFFFF 		.quad	-96
 744      FFFFFFFF 
 745 0038 00000000 		.quad	_ZTIN8UnitTest15MemoryOutStreamE
 745      00000000 
 746 0040 00000000 		.quad	_ZTv0_n24_N8UnitTest15MemoryOutStreamD1Ev
 746      00000000 
 747 0048 00000000 		.quad	_ZTv0_n24_N8UnitTest15MemoryOutStreamD0Ev
 747      00000000 
 748              		.weakref	_ZL28__gthrw___pthread_key_createPjPFvPvE,__pthread_key_create
 749              		.hidden	DW.ref.__gxx_personality_v0
 750              		.weak	DW.ref.__gxx_personality_v0
 751              		.section	.data.DW.ref.__gxx_personality_v0,"awG",@progbits,DW.ref.__gxx_personality_v0,comdat
 752              		.align 8
 755              	DW.ref.__gxx_personality_v0:
 756 0000 00000000 		.quad	__gxx_personality_v0
 756      00000000 
 757              		.ident	"GCC: (Ubuntu 4.9.2-10ubuntu13) 4.9.2"
 758              		.section	.note.GNU-stack,"",@progbits
DEFINED SYMBOLS
                            *ABS*:0000000000000000 TimeConstraint.cpp
     /tmp/ccvfbZjh.s:11     .text._ZN8UnitTest15MemoryOutStreamD1Ev:0000000000000000 _ZN8UnitTest15MemoryOutStreamD1Ev
     /tmp/ccvfbZjh.s:737    .data.rel.ro._ZTVN8UnitTest15MemoryOutStreamE:0000000000000000 _ZTVN8UnitTest15MemoryOutStreamE
     /tmp/ccvfbZjh.s:709    .data.rel.ro._ZTCN8UnitTest15MemoryOutStreamE0_St19basic_ostringstreamIcSt11char_traitsIcESaIcEE:0000000000000000 _ZTCN8UnitTest15MemoryOutStreamE0_St19basic_ostringstreamIcSt11char_traitsIcESaIcEE
     /tmp/ccvfbZjh.s:130    .text._ZN8UnitTest15MemoryOutStreamD1Ev:0000000000000150 _ZTv0_n24_N8UnitTest15MemoryOutStreamD1Ev
     /tmp/ccvfbZjh.s:150    .text._ZN8UnitTest15MemoryOutStreamD0Ev:0000000000000000 _ZN8UnitTest15MemoryOutStreamD0Ev
     /tmp/ccvfbZjh.s:271    .text._ZN8UnitTest15MemoryOutStreamD0Ev:0000000000000160 _ZTv0_n24_N8UnitTest15MemoryOutStreamD0Ev
     /tmp/ccvfbZjh.s:291    .text:0000000000000000 _ZN8UnitTest14TimeConstraintC2EiRKNS_11TestDetailsE
     /tmp/ccvfbZjh.s:291    .text:0000000000000000 _ZN8UnitTest14TimeConstraintC1EiRKNS_11TestDetailsE
     /tmp/ccvfbZjh.s:344    .text:0000000000000030 _ZN8UnitTest14TimeConstraintD2Ev
     /tmp/ccvfbZjh.s:755    .data.DW.ref.__gxx_personality_v0:0000000000000000 DW.ref.__gxx_personality_v0
     /tmp/ccvfbZjh.s:692    .data.rel.ro._ZTCN8UnitTest15MemoryOutStreamE0_So:0000000000000000 _ZTCN8UnitTest15MemoryOutStreamE0_So
     /tmp/ccvfbZjh.s:344    .text:0000000000000030 _ZN8UnitTest14TimeConstraintD1Ev
     /tmp/ccvfbZjh.s:675    .data.rel.ro._ZTIN8UnitTest15MemoryOutStreamE:0000000000000000 _ZTIN8UnitTest15MemoryOutStreamE
     /tmp/ccvfbZjh.s:684    .rodata._ZTSN8UnitTest15MemoryOutStreamE:0000000000000000 _ZTSN8UnitTest15MemoryOutStreamE
     /tmp/ccvfbZjh.s:725    .data.rel.ro._ZTTN8UnitTest15MemoryOutStreamE:0000000000000000 _ZTTN8UnitTest15MemoryOutStreamE
     /tmp/ccvfbZjh.s:328    .rodata.str1.8:0000000000000000 .LC5
     /tmp/ccvfbZjh.s:331    .rodata.str1.1:0000000000000000 .LC6
     /tmp/ccvfbZjh.s:333    .rodata.str1.1:000000000000000d .LC7

UNDEFINED SYMBOLS
_GLOBAL_OFFSET_TABLE_
_ZNSs4_Rep20_S_empty_rep_storageE
_ZTVSt15basic_stringbufIcSt11char_traitsIcESaIcEE
_ZTVSt15basic_streambufIcSt11char_traitsIcEE
_ZNSt6localeD1Ev
_ZTVSt9basic_iosIcSt11char_traitsIcEE
_ZNSt8ios_baseD2Ev
_ZNSs4_Rep10_M_destroyERKSaIcE
__stack_chk_fail
_ZdlPv
_ZN8UnitTest5TimerC1Ev
_ZN8UnitTest5Timer5StartEv
_ZNK8UnitTest5Timer11GetTimeInMsEv
_ZNSt8ios_baseC2Ev
_ZNSt9basic_iosIcSt11char_traitsIcEE4initEPSt15basic_streambufIcS1_E
_ZNSt6localeC1Ev
_ZSt16__ostream_insertIcSt11char_traitsIcEERSt13basic_ostreamIT_T0_ES6_PKS3_l
_ZNSolsEi
_ZNK8UnitTest15MemoryOutStream7GetTextEv
_ZN8UnitTest11CurrentTest7ResultsEv
_ZN8UnitTest11TestResults13OnTestFailureERKNS_11TestDetailsEPKc
_Unwind_Resume
__gxx_personality_v0
_ZTVN10__cxxabiv120__si_class_type_infoE
_ZTISt19basic_ostringstreamIcSt11char_traitsIcESaIcEE
_ZTISo
__pthread_key_create
