   1              		.file	"conv.c"
   2              		.text
   3              		.p2align 4
   4              		.globl	getHexNibble
   6              	getHexNibble:
   7              	.LFB4:
   8              		.cfi_startproc
   9 0000 F30F1EFA 		endbr64
  10 0004 8D47D0   		leal	-48(%rdi), %eax
  11 0007 3C09     		cmpb	$9, %al
  12 0009 7617     		jbe	.L2
  13 000b 8D479F   		leal	-97(%rdi), %eax
  14 000e 3C05     		cmpb	$5, %al
  15 0010 761E     		jbe	.L7
  16 0012 8D57BF   		leal	-65(%rdi), %edx
  17 0015 B8010000 		movl	$1, %eax
  17      00
  18 001a 80FA05   		cmpb	$5, %dl
  19 001d 7721     		ja	.L1
  20 001f 8D47C9   		leal	-55(%rdi), %eax
  21              	.L2:
  22 0022 8806     		movb	%al, (%rsi)
  23 0024 31C0     		xorl	%eax, %eax
  24 0026 C3       		ret
  25 0027 660F1F84 		.p2align 4,,10
  25      00000000 
  25      00
  26              		.p2align 3
  27              	.L7:
  28 0030 8D47A9   		leal	-87(%rdi), %eax
  29 0033 8806     		movb	%al, (%rsi)
  30 0035 31C0     		xorl	%eax, %eax
  31 0037 C3       		ret
  32 0038 0F1F8400 		.p2align 4,,10
  32      00000000 
  33              		.p2align 3
  34              	.L1:
  35 0040 C3       		ret
  36              		.cfi_endproc
  37              	.LFE4:
  39 0041 66662E0F 		.p2align 4
  39      1F840000 
  39      0000000F 
  39      1F4000
  40              		.globl	getHexByte
  42              	getHexByte:
  43              	.LFB5:
  44              		.cfi_startproc
  45 0050 F30F1EFA 		endbr64
  46 0054 55       		pushq	%rbp
  47              		.cfi_def_cfa_offset 16
  48              		.cfi_offset 6, -16
  49 0055 4889F5   		movq	%rsi, %rbp
  50 0058 53       		pushq	%rbx
  51              		.cfi_def_cfa_offset 24
  52              		.cfi_offset 3, -24
  53 0059 4889FB   		movq	%rdi, %rbx
  54 005c 4883EC18 		subq	$24, %rsp
  55              		.cfi_def_cfa_offset 48
  56 0060 0FBE3F   		movsbl	(%rdi), %edi
  57 0063 64488B04 		movq	%fs:40, %rax
  57      25280000 
  57      00
  58 006c 48894424 		movq	%rax, 8(%rsp)
  58      08
  59 0071 31C0     		xorl	%eax, %eax
  60 0073 488D7424 		leaq	6(%rsp), %rsi
  60      06
  61 0078 E8000000 		call	getHexNibble@PLT
  61      00
  62 007d 84C0     		testb	%al, %al
  63 007f 741F     		je	.L9
  64              	.L11:
  65 0081 B8010000 		movl	$1, %eax
  65      00
  66              	.L8:
  67 0086 488B5424 		movq	8(%rsp), %rdx
  67      08
  68 008b 64482B14 		subq	%fs:40, %rdx
  68      25280000 
  68      00
  69 0094 752D     		jne	.L14
  70 0096 4883C418 		addq	$24, %rsp
  71              		.cfi_remember_state
  72              		.cfi_def_cfa_offset 24
  73 009a 5B       		popq	%rbx
  74              		.cfi_def_cfa_offset 16
  75 009b 5D       		popq	%rbp
  76              		.cfi_def_cfa_offset 8
  77 009c C3       		ret
  78 009d 0F1F00   		.p2align 4,,10
  79              		.p2align 3
  80              	.L9:
  81              		.cfi_restore_state
  82 00a0 0FBE7B01 		movsbl	1(%rbx), %edi
  83 00a4 488D7424 		leaq	7(%rsp), %rsi
  83      07
  84 00a9 E8000000 		call	getHexNibble@PLT
  84      00
  85 00ae 84C0     		testb	%al, %al
  86 00b0 75CF     		jne	.L11
  87 00b2 0FB65424 		movzbl	6(%rsp), %edx
  87      06
  88 00b7 C1E204   		sall	$4, %edx
  89 00ba 0A542407 		orb	7(%rsp), %dl
  90 00be 885500   		movb	%dl, 0(%rbp)
  91 00c1 EBC3     		jmp	.L8
  92              	.L14:
  93 00c3 E8000000 		call	__stack_chk_fail@PLT
  93      00
  94              		.cfi_endproc
  95              	.LFE5:
  97 00c8 0F1F8400 		.p2align 4
  97      00000000 
  98              		.globl	getHexUpperNibble
 100              	getHexUpperNibble:
 101              	.LFB6:
 102              		.cfi_startproc
 103 00d0 F30F1EFA 		endbr64
 104 00d4 40C0EF04 		shrb	$4, %dil
 105 00d8 4080FF0A 		cmpb	$10, %dil
 106 00dc 19C0     		sbbl	%eax, %eax
 107 00de 83E0F9   		andl	$-7, %eax
 108 00e1 8D443837 		leal	55(%rax,%rdi), %eax
 109 00e5 C3       		ret
 110              		.cfi_endproc
 111              	.LFE6:
 113 00e6 662E0F1F 		.p2align 4
 113      84000000 
 113      0000
 114              		.globl	getHexLowerNibble
 116              	getHexLowerNibble:
 117              	.LFB7:
 118              		.cfi_startproc
 119 00f0 F30F1EFA 		endbr64
 120 00f4 83E70F   		andl	$15, %edi
 121 00f7 4080FF0A 		cmpb	$10, %dil
 122 00fb 19C0     		sbbl	%eax, %eax
 123 00fd 83E0F9   		andl	$-7, %eax
 124 0100 8D443837 		leal	55(%rax,%rdi), %eax
 125 0104 C3       		ret
 126              		.cfi_endproc
 127              	.LFE7:
 129              		.ident	"GCC: (Ubuntu 12.2.0-17ubuntu1) 12.2.0"
 130              		.section	.note.GNU-stack,"",@progbits
 131              		.section	.note.gnu.property,"a"
 132              		.align 8
 133 0000 04000000 		.long	1f - 0f
 134 0004 10000000 		.long	4f - 1f
 135 0008 05000000 		.long	5
 136              	0:
 137 000c 474E5500 		.string	"GNU"
 138              	1:
 139              		.align 8
 140 0010 020000C0 		.long	0xc0000002
 141 0014 04000000 		.long	3f - 2f
 142              	2:
 143 0018 03000000 		.long	0x3
 144              	3:
 145 001c 00000000 		.align 8
 146              	4:
DEFINED SYMBOLS
                            *ABS*:0000000000000000 conv.c
     /tmp/cc6AXzlu.s:6      .text:0000000000000000 getHexNibble
     /tmp/cc6AXzlu.s:42     .text:0000000000000050 getHexByte
     /tmp/cc6AXzlu.s:100    .text:00000000000000d0 getHexUpperNibble
     /tmp/cc6AXzlu.s:116    .text:00000000000000f0 getHexLowerNibble

UNDEFINED SYMBOLS
__stack_chk_fail
